Arguments: 
  /Users/markclayton/.nvm/versions/node/v14.17.6/bin/node /opt/homebrew/Cellar/yarn/1.22.17/libexec/bin/yarn.js init

PATH: 
  /Users/markclayton/.cargo/bin:/Users/markclayton/.mozbuild/git-cinnabar:/Users/markclayton/.nvm/versions/node/v14.17.6/bin:/usr/local/bin:/usr/bin:/bin:/usr/sbin:/sbin:/Library/Apple/usr/bin:/Users/markclayton/.cargo/bin:/Users/markclayton/.mozbuild/git-cinnabar:/Users/markclayton/.nvm/versions/node/v14.17.6/bin:/opt/homebrew/bin:/opt/homebrew/sbin:/Users/markclayton/go/bin:/Users/markclayton/go/bin

Yarn version: 
  1.22.17

Node version: 
  14.17.6

Platform: 
  darwin arm64

Trace: 
  Error: canceled
      at Interface.<anonymous> (/opt/homebrew/Cellar/yarn/1.22.17/libexec/lib/cli.js:137143:13)
      at Interface.emit (events.js:400:28)
      at Interface._ttyWrite (readline.js:910:16)
      at ReadStream.onkeypress (readline.js:235:10)
      at ReadStream.emit (events.js:400:28)
      at emitKeys (internal/readline/utils.js:358:14)
      at emitKeys.next (<anonymous>)
      at ReadStream.onData (readline.js:1179:36)
      at ReadStream.emit (events.js:400:28)
      at addChunk (internal/streams/readable.js:290:12)

npm manifest: 
  No manifest

yarn manifest: 
  No manifest

Lockfile: 
  No lockfile
